<?xml version="1.0" encoding="UTF-8"?>
<testsuite name="JUnit Jupiter" tests="5" skipped="0" failures="0" errors="0" time="0.214" hostname="anubis" timestamp="2022-10-21T12:53:39">
<properties>
<property name="file.encoding" value="UTF-8"/>
<property name="file.separator" value="/"/>
<property name="java.class.path" value="../lib/junit-platform-console-standalone-1.7.0-all.jar"/>
<property name="java.class.version" value="61.0"/>
<property name="java.home" value="/usr/lib/jvm/java-17-openjdk-17.0.4.1.1-1.fc36.x86_64"/>
<property name="java.io.tmpdir" value="/tmp"/>
<property name="java.library.path" value="/usr/java/packages/lib:/usr/lib64:/lib64:/lib:/usr/lib"/>
<property name="java.runtime.name" value="OpenJDK Runtime Environment"/>
<property name="java.runtime.version" value="17.0.4.1+1"/>
<property name="java.specification.name" value="Java Platform API Specification"/>
<property name="java.specification.vendor" value="Oracle Corporation"/>
<property name="java.specification.version" value="17"/>
<property name="java.vendor" value="Red Hat, Inc."/>
<property name="java.vendor.url" value="https://www.redhat.com/"/>
<property name="java.vendor.url.bug" value="https://bugzilla.redhat.com/enter_bug.cgi?product=Fedora&amp;component=java-17-openjdk&amp;version=36"/>
<property name="java.vendor.version" value="(Red_Hat-17.0.4.1.1-1.fc36)"/>
<property name="java.version" value="17.0.4.1"/>
<property name="java.version.date" value="2022-08-12"/>
<property name="java.vm.compressedOopsMode" value="32-bit"/>
<property name="java.vm.info" value="mixed mode, sharing"/>
<property name="java.vm.name" value="OpenJDK 64-Bit Server VM"/>
<property name="java.vm.specification.name" value="Java Virtual Machine Specification"/>
<property name="java.vm.specification.vendor" value="Oracle Corporation"/>
<property name="java.vm.specification.version" value="17"/>
<property name="java.vm.vendor" value="Red Hat, Inc."/>
<property name="java.vm.version" value="17.0.4.1+1"/>
<property name="jdk.debug" value="release"/>
<property name="line.separator" value="
"/>
<property name="native.encoding" value="UTF-8"/>
<property name="os.arch" value="amd64"/>
<property name="os.name" value="Linux"/>
<property name="os.version" value="5.19.15-201.fc36.x86_64"/>
<property name="path.separator" value=":"/>
<property name="sun.arch.data.model" value="64"/>
<property name="sun.boot.library.path" value="/usr/lib/jvm/java-17-openjdk-17.0.4.1.1-1.fc36.x86_64/lib"/>
<property name="sun.cpu.endian" value="little"/>
<property name="sun.io.unicode.encoding" value="UnicodeLittle"/>
<property name="sun.java.command" value="../lib/junit-platform-console-standalone-1.7.0-all.jar -cp . --select-class=CalcolatriceTest --reports-dir=reports"/>
<property name="sun.java.launcher" value="SUN_STANDARD"/>
<property name="sun.jnu.encoding" value="UTF-8"/>
<property name="sun.management.compiler" value="HotSpot 64-Bit Tiered Compilers"/>
<property name="sun.stderr.encoding" value="UTF-8"/>
<property name="user.country" value="US"/>
<property name="user.dir" value="/home/user/Documents/workspace/verificatps211022/src"/>
<property name="user.home" value="/home/user"/>
<property name="user.language" value="en"/>
<property name="user.name" value="user"/>
<property name="user.timezone" value="Europe/Rome"/>
</properties>
<testcase name="testSomma()" classname="CalcolatriceTest" time="0.071">
<system-out><![CDATA[
unique-id: [engine:junit-jupiter]/[class:CalcolatriceTest]/[method:testSomma()]
display-name: testSomma()
]]></system-out>
</testcase>
<testcase name="testDivisione()" classname="CalcolatriceTest" time="0.003">
<system-out><![CDATA[
unique-id: [engine:junit-jupiter]/[class:CalcolatriceTest]/[method:testDivisione()]
display-name: testDivisione()
]]></system-out>
</testcase>
<testcase name="testDivisionePerZero()" classname="CalcolatriceTest" time="0.005">
<system-out><![CDATA[
unique-id: [engine:junit-jupiter]/[class:CalcolatriceTest]/[method:testDivisionePerZero()]
display-name: testDivisionePerZero()
]]></system-out>
</testcase>
<testcase name="testSottrazione()" classname="CalcolatriceTest" time="0.002">
<system-out><![CDATA[
unique-id: [engine:junit-jupiter]/[class:CalcolatriceTest]/[method:testSottrazione()]
display-name: testSottrazione()
]]></system-out>
</testcase>
<testcase name="testMoltiplicazione()" classname="CalcolatriceTest" time="0.002">
<system-out><![CDATA[
unique-id: [engine:junit-jupiter]/[class:CalcolatriceTest]/[method:testMoltiplicazione()]
display-name: testMoltiplicazione()
]]></system-out>
</testcase>
<system-out><![CDATA[
unique-id: [engine:junit-jupiter]
display-name: JUnit Jupiter
]]></system-out>
</testsuite>
